# JRE version: Java(TM) SE Runtime Environment 18.9 (11.0.11+9) (build 11.0.11+9-LTS-194)
# Java VM: Java HotSpot(TM) 64-Bit Server VM 18.9 (11.0.11+9-LTS-194, mixed mode, tiered, compressed oops, g1 gc, windows-amd64)
Heap:
 garbage-first heap   total 312320K, used 64760K [0x0000000702e00000, 0x0000000800000000)
  region size 1024K, 50 young (51200K), 10 survivors (10240K)
 Metaspace       used 63138K, capacity 65130K, committed 65308K, reserved 1105920K
  class space    used 8196K, capacity 8983K, committed 9088K, reserved 1048576K
GC Heap History (10 events):
Event: 3.202 GC heap before
{Heap before GC invocations=4 (full 0):
 garbage-first heap   total 260096K, used 72804K [0x0000000702e00000, 0x0000000800000000)
  region size 1024K, 68 young (69632K), 5 survivors (5120K)
 Metaspace       used 24447K, capacity 25246K, committed 25392K, reserved 1071104K
  class space    used 2877K, capacity 3186K, committed 3200K, reserved 1048576K
}
Event: 3.210 GC heap after
{Heap after GC invocations=5 (full 0):
 garbage-first heap   total 260096K, used 10720K [0x0000000702e00000, 0x0000000800000000)
  region size 1024K, 4 young (4096K), 4 survivors (4096K)
 Metaspace       used 24447K, capacity 25246K, committed 25392K, reserved 1071104K
  class space    used 2877K, capacity 3186K, committed 3200K, reserved 1048576K
}
Event: 4.251 GC heap before
{Heap before GC invocations=5 (full 0):
 garbage-first heap   total 260096K, used 104928K [0x0000000702e00000, 0x0000000800000000)
  region size 1024K, 97 young (99328K), 4 survivors (4096K)
 Metaspace       used 32932K, capacity 34278K, committed 34608K, reserved 1079296K
  class space    used 4121K, capacity 4643K, committed 4736K, reserved 1048576K
}
Event: 4.262 GC heap after
{Heap after GC invocations=6 (full 0):
 garbage-first heap   total 260096K, used 15283K [0x0000000702e00000, 0x0000000800000000)
  region size 1024K, 8 young (8192K), 8 survivors (8192K)
 Metaspace       used 32932K, capacity 34278K, committed 34608K, reserved 1079296K
  class space    used 4121K, capacity 4643K, committed 4736K, reserved 1048576K
}
Event: 4.605 GC heap before
{Heap before GC invocations=6 (full 0):
 garbage-first heap   total 260096K, used 110515K [0x0000000702e00000, 0x0000000800000000)
  region size 1024K, 103 young (105472K), 8 survivors (8192K)
 Metaspace       used 34406K, capacity 35760K, committed 35888K, reserved 1081344K
  class space    used 4301K, capacity 4882K, committed 4992K, reserved 1048576K
}
Event: 4.617 GC heap after
{Heap after GC invocations=7 (full 0):
 garbage-first heap   total 260096K, used 16391K [0x0000000702e00000, 0x0000000800000000)
  region size 1024K, 9 young (9216K), 9 survivors (9216K)
 Metaspace       used 34406K, capacity 35760K, committed 35888K, reserved 1081344K
  class space    used 4301K, capacity 4882K, committed 4992K, reserved 1048576K
}
Event: 7.444 GC heap before
{Heap before GC invocations=8 (full 0):
 garbage-first heap   total 260096K, used 146439K [0x0000000702e00000, 0x0000000800000000)
  region size 1024K, 136 young (139264K), 9 survivors (9216K)
 Metaspace       used 55931K, capacity 57608K, committed 57776K, reserved 1099776K
  class space    used 7256K, capacity 7935K, committed 7936K, reserved 1048576K
}
Event: 7.459 GC heap after
{Heap after GC invocations=9 (full 0):
 garbage-first heap   total 260096K, used 22986K [0x0000000702e00000, 0x0000000800000000)
  region size 1024K, 16 young (16384K), 16 survivors (16384K)
 Metaspace       used 55931K, capacity 57608K, committed 57776K, reserved 1099776K
  class space    used 7256K, capacity 7935K, committed 7936K, reserved 1048576K
}
Event: 7.842 GC heap before
{Heap before GC invocations=9 (full 0):
 garbage-first heap   total 260096K, used 53706K [0x0000000702e00000, 0x0000000800000000)
  region size 1024K, 47 young (48128K), 16 survivors (16384K)
 Metaspace       used 58300K, capacity 60119K, committed 60208K, reserved 1101824K
  class space    used 7584K, capacity 8301K, committed 8320K, reserved 1048576K
}
Event: 7.866 GC heap after
{Heap after GC invocations=10 (full 0):
 garbage-first heap   total 312320K, used 24824K [0x0000000702e00000, 0x0000000800000000)
  region size 1024K, 10 young (10240K), 10 survivors (10240K)
 Metaspace       used 58300K, capacity 60119K, committed 60208K, reserved 1101824K
  class space    used 7584K, capacity 8301K, committed 8320K, reserved 1048576K
}

